c:\users\steff\onedrive\projekte\szene\expat\lib\debug\expat.bsc
c:\users\steff\onedrive\projekte\szene\expat\lib\debug\expat.pdb
c:\users\steff\onedrive\projekte\szene\expat\lib\debug\expat.idb
c:\users\steff\onedrive\projekte\szene\expat\lib\debug\xmlparse.sbr
c:\users\steff\onedrive\projekte\szene\expat\lib\debug\xmlrole.sbr
c:\users\steff\onedrive\projekte\szene\expat\lib\debug\xmltok.sbr
c:\users\steff\onedrive\projekte\szene\expat\lib\debug\xmltok_impl.sbr
c:\users\steff\onedrive\projekte\szene\expat\lib\debug\xmltok_ns.sbr
c:\users\steff\onedrive\projekte\szene\expat\lib\debug\xmltok_ns.obj
c:\users\steff\onedrive\projekte\szene\expat\lib\debug\xmltok_impl.obj
c:\users\steff\onedrive\projekte\szene\expat\lib\debug\xmltok.obj
c:\users\steff\onedrive\projekte\szene\expat\lib\debug\xmlrole.obj
c:\users\steff\onedrive\projekte\szene\expat\lib\debug\xmlparse.obj
c:\users\steff\onedrive\projekte\szene\expat\win32\bin\debug\libexpatmt.lib
c:\users\steff\onedrive\projekte\szene\expat\lib\debug\expat_static.idb
c:\users\steff\onedrive\projekte\szene\expat\lib\debug\expat_static.pdb
c:\users\steff\onedrive\projekte\szene\expat\lib\debug\expat_static.bsc
c:\users\steff\onedrive\projekte\szene\expat\lib\debug\expat.tlog\bscmake.command.1.tlog
c:\users\steff\onedrive\projekte\szene\expat\lib\debug\expat.tlog\bscmake.read.1.tlog
c:\users\steff\onedrive\projekte\szene\expat\lib\debug\expat.tlog\bscmake.write.1.tlog
c:\users\steff\onedrive\projekte\szene\expat\lib\debug\expat.tlog\cl.command.1.tlog
c:\users\steff\onedrive\projekte\szene\expat\lib\debug\expat.tlog\cl.items.tlog
c:\users\steff\onedrive\projekte\szene\expat\lib\debug\expat.tlog\cl.read.1.tlog
c:\users\steff\onedrive\projekte\szene\expat\lib\debug\expat.tlog\cl.write.1.tlog
c:\users\steff\onedrive\projekte\szene\expat\lib\debug\expat.tlog\lib-link.read.1.tlog
c:\users\steff\onedrive\projekte\szene\expat\lib\debug\expat.tlog\lib-link.write.1.tlog
c:\users\steff\onedrive\projekte\szene\expat\lib\debug\expat.tlog\lib.command.1.tlog
